<?xml version="1.0" encoding="UTF-8"?>
<!-- Generated by org.testng.reporters.JUnitReportReporter -->
<testsuite skipped="0" hostname="SupuniN" name="tests.TestsGetRequests" tests="1" failures="0" timestamp="13 Jun 2022 17:00:39 GMT" time="3.166" errors="0">
  <testcase name="runTests" time="3.166" classname="tests.TestsGetRequests"/>
</testsuite> <!-- tests.TestsGetRequests -->
