<?xml version="1.0" encoding="UTF-8"?>
<!-- Generated by org.testng.reporters.JUnitReportReporter -->
<testsuite skipped="0" hostname="SupuniN" name="requests.GetRequests" tests="1" failures="0" timestamp="13 Jun 2022 06:53:01 GMT" time="2.997" errors="0">
  <testcase name="getName" time="2.997" classname="requests.GetRequests"/>
</testsuite> <!-- requests.GetRequests -->
